slideMenuLibrary/build/outputs/logs/manifest-merger-debug-report.txt
-- Merging decision tree log ---
manifest
ADDED from slideMenuLibrary\AndroidManifest.xml:2:1-14:12
INJECTED from slideMenuLibrary\AndroidManifest.xml:2:1-14:12
INJECTED from slideMenuLibrary\AndroidManifest.xml:2:1-14:12
INJECTED from slideMenuLibrary\AndroidManifest.xml:2:1-14:12
INJECTED from slideMenuLibrary\AndroidManifest.xml:2:1-14:12
INJECTED from slideMenuLibrary\AndroidManifest.xml:2:1-14:12
INJECTED from slideMenuLibrary\AndroidManifest.xml:2:1-14:12
	package
		ADDED from slideMenuLibrary\AndroidManifest.xml:3:5-50
		INJECTED from slideMenuLibrary\AndroidManifest.xml
		INJECTED from slideMenuLibrary\AndroidManifest.xml
	android:versionName
		ADDED from slideMenuLibrary\AndroidManifest.xml:5:5-30
		INJECTED from slideMenuLibrary\AndroidManifest.xml
		INJECTED from slideMenuLibrary\AndroidManifest.xml
	xmlns:android
		ADDED from slideMenuLibrary\AndroidManifest.xml:2:11-69
	android:versionCode
		ADDED from slideMenuLibrary\AndroidManifest.xml:4:5-28
		INJECTED from slideMenuLibrary\AndroidManifest.xml
		INJECTED from slideMenuLibrary\AndroidManifest.xml
uses-permission#android.permission.INTERNET
ADDED from slideMenuLibrary\AndroidManifest.xml:7:5-67
	android:name
		ADDED from slideMenuLibrary\AndroidManifest.xml:7:22-64
uses-permission#android.permission.ACCESS_NETWORK_STATE
ADDED from slideMenuLibrary\AndroidManifest.xml:8:5-79
	android:name
		ADDED from slideMenuLibrary\AndroidManifest.xml:8:22-76
uses-sdk
ADDED from slideMenuLibrary\AndroidManifest.xml:10:5-12:41
INJECTED from slideMenuLibrary\AndroidManifest.xml:10:5-12:41
INJECTED from slideMenuLibrary\AndroidManifest.xml:10:5-12:41
INJECTED from slideMenuLibrary\AndroidManifest.xml:10:5-12:41
INJECTED from slideMenuLibrary\AndroidManifest.xml:10:5-12:41
	android:targetSdkVersion
		ADDED from slideMenuLibrary\AndroidManifest.xml:12:9-38
		INJECTED from slideMenuLibrary\AndroidManifest.xml
		INJECTED from slideMenuLibrary\AndroidManifest.xml
	android:minSdkVersion
		ADDED from slideMenuLibrary\AndroidManifest.xml:11:9-35
		INJECTED from slideMenuLibrary\AndroidManifest.xml
		INJECTED from slideMenuLibrary\AndroidManifest.xml